
watdfs_init()
	path_to_cache:/tmp/usbenipa/cache
	cache_interval:0 s
fuse_context:
	fuse = e69b5480
	uid =  0
	gid =  0
	pid =  0
	private_data = e69b3eb0
	logfile = e69b4ef0
	path_to_cache = /tmp/usbenipa/cache
	umask = 00000

watdfs_getattr(path="/uday.txt", statbuf=0x6d831870)
watdfs_getattr(path="/uday.txt", statbuf=0x6d831870) returned=0
    si:
	st_dev =  2304
	st_ino =  11797132
	st_mode = 0 100640
	st_nlink =  1
	st_uid =  4185
	st_gid =  21253
	st_rdev =  0
	st_size =  16
	st_blksize =  4096
	st_blocks =  8
	st_atime = 0x 623d61b7
	st_mtime = 0x 623d608b
	st_ctime = 0x 623d608b

watdfs_open(path"/uday.txt", fi=0x6d831920)
    fi:
	flags = 0x 00008000
	fh_old = 0x 00000000
	writepage =  0
	direct_io =  0
	keep_cache =  0
	fh = 0x 0000000000000000
	lock_owner = 0x 0000000000000000
    fi:
	flags = 0x 00008000
	fh_old = 0x 00000000
	writepage =  0
	direct_io =  0
	keep_cache =  0
	fh = 0x 0000000000000007
	lock_owner = 0x 0000000000000000
watdfs_open(path"/uday.txt", fi=0x6d831920) returned=0

watdfs_read(path="/uday.txt", buf=0xb9f80010, size=131072, offset=0, fi=0x6d831920)
    fi:
	flags = 0x 00008000
	fh_old = 0x 00000007
	writepage =  0
	direct_io =  0
	keep_cache =  0
	fh = 0x 0000000000000007
	lock_owner = 0x 9fb8133060352d41
watdfs_read(path="/uday.txt", buf=0xb9f80010, size=131072, offset=0, fi=0x6d831920) returned=16

watdfs_read(path="/uday.txt", buf=0xe69db130, size=131072, offset=16, fi=0x6d831920)
    fi:
	flags = 0x 00008000
	fh_old = 0x 00000007
	writepage =  0
	direct_io =  0
	keep_cache =  0
	fh = 0x 0000000000000007
	lock_owner = 0x 9fb8133060352d41
watdfs_read(path="/uday.txt", buf=0xe69db130, size=131072, offset=16, fi=0x6d831920) returned=0

always_flush(path="/uday.txt", fi=0x6d831920), returned:0

watdfs_release(path="/uday.txt", fi=0x6d831920)
    fi:
	flags = 0x 00008000
	fh_old = 0x 00000007
	writepage =  0
	direct_io =  0
	keep_cache =  0
	fh = 0x 0000000000000007
	lock_owner = 0x 0000000000000000
watdfs_release(path="/uday.txt", fi=0x6d831920) returned=0

watdfs_destroy(userdata=0xe69b3eb0)
